<?xml version="1.0" encoding="UTF-8"?>
<testng-results skipped="0" failed="0" ignored="0" total="2" passed="2">
  <reporter-output>
  </reporter-output>
  <suite name="Default suite" duration-ms="41" started-at="2018-02-28T11:32:59Z" finished-at="2018-02-28T11:32:59Z">
    <groups>
    </groups>
    <test name="Default test" duration-ms="41" started-at="2018-02-28T11:32:59Z" finished-at="2018-02-28T11:32:59Z">
      <class name="org.demo.tetsng_withmaven.TestNGSimpleTest">
        <test-method status="PASS" signature="testAdd()[pri:0, instance:org.demo.tetsng_withmaven.TestNGSimpleTest@36d4b5c]" name="testAdd" duration-ms="10" started-at="2018-02-28T11:32:59Z" finished-at="2018-02-28T11:32:59Z">
          <reporter-output>
          </reporter-output>
        </test-method> <!-- testAdd -->
      </class> <!-- org.demo.tetsng_withmaven.TestNGSimpleTest -->
      <class name="org.demo.tetsng_withmaven.TestNGSimpleTest2">
        <test-method status="PASS" signature="testAdd()[pri:0, instance:org.demo.tetsng_withmaven.TestNGSimpleTest2@5034c75a]" name="testAdd" duration-ms="4" started-at="2018-02-28T11:32:59Z" finished-at="2018-02-28T11:32:59Z">
          <reporter-output>
          </reporter-output>
        </test-method> <!-- testAdd -->
      </class> <!-- org.demo.tetsng_withmaven.TestNGSimpleTest2 -->
    </test> <!-- Default test -->
  </suite> <!-- Default suite -->
</testng-results>
