<?xml version="1.0" encoding="UTF-8"?>
<!-- Generated by org.testng.reporters.JUnitXMLReporter -->
<testsuite hostname="DSS-415" ignored="0" name="Default test" tests="4" failures="0" timestamp="28 Feb 2018 11:34:41 GMT" time="0.041" errors="0">
  <testcase name="testAdd" time="0.009" classname="org.demo.TestNGSimpleTest"/>
  <testcase name="testAdd" time="0.003" classname="org.demo.TestNGSimpleTest2"/>
  <testcase name="testApprisel" time="0.001" classname="org.demo.TestngAnnotation"/>
  <testcase name="testCase1" time="0.001" classname="org.demo.TestngAnnotation"/>
</testsuite> <!-- Default test -->
