<?xml version="1.0" encoding="UTF-8"?>
<!-- Generated by org.testng.reporters.JUnitXMLReporter -->
<testsuite hostname="DSS-415" ignored="0" name="Default test(failed)" tests="1" failures="1" timestamp="07 Mar 2018 06:51:57 GMT" time="0.168" errors="0">
  <testcase name="testgetallemp on null(com.service.EmpServcieTest)" time="0.016" classname="com.service.EmpServcieTest">
    <failure type="junit.framework.AssertionFailedError" message="expected:&amp;lt;[Emp [name=irfan, id=12], Emp [name=nisar, id=23]]&amp;gt; but was:&amp;lt;[Emp [name=irfan, id=12], Emp [name=nisar, id=23]]&amp;gt;">
      <![CDATA[junit.framework.AssertionFailedError: expected:<[Emp [name=irfan, id=12], Emp [name=nisar, id=23]]]]><![CDATA[> but was:<[Emp [name=irfan, id=12], Emp [name=nisar, id=23]]]]><![CDATA[>
at junit.framework.Assert.fail(Assert.java:47)
at junit.framework.Assert.failNotEquals(Assert.java:282)
at junit.framework.Assert.assertEquals(Assert.java:64)
at junit.framework.Assert.assertEquals(Assert.java:71)
at com.service.EmpServcieTest.testgetallemp(EmpServcieTest.java:47)
... Removed 25 stack frames]]>
    </failure>
  </testcase> <!-- testgetallemp on null(com.service.EmpServcieTest) -->
</testsuite> <!-- Default test(failed) -->
