<?xml version="1.0" encoding="UTF-8"?>
<testng-results skipped="0" failed="0" ignored="0" total="1" passed="1">
  <reporter-output>
  </reporter-output>
  <suite name="Default suite" duration-ms="169" started-at="2018-03-16T10:30:50Z" finished-at="2018-03-16T10:30:50Z">
    <groups>
    </groups>
    <test name="Default test" duration-ms="169" started-at="2018-03-16T10:30:50Z" finished-at="2018-03-16T10:30:50Z">
      <class name="org.demo.service.EmpServiceTest">
        <test-method status="PASS" signature="setUp()[pri:0, instance:EmpServiceTest [onsite=null, service=null]]" name="setUp" is-config="true" duration-ms="138" started-at="2018-03-16T10:30:50Z" finished-at="2018-03-16T10:30:50Z">
          <reporter-output>
          </reporter-output>
        </test-method> <!-- setUp -->
        <test-method status="PASS" signature="testgetallemp()[pri:0, instance:EmpServiceTest [onsite=null, service=null]]" name="testgetallemp" duration-ms="16" started-at="2018-03-16T10:30:50Z" finished-at="2018-03-16T10:30:50Z">
          <reporter-output>
          </reporter-output>
        </test-method> <!-- testgetallemp -->
      </class> <!-- org.demo.service.EmpServiceTest -->
    </test> <!-- Default test -->
  </suite> <!-- Default suite -->
</testng-results>
