<?xml version="1.0" encoding="UTF-8"?>
<testng-results skipped="0" failed="0" ignored="0" total="1" passed="1">
  <reporter-output>
  </reporter-output>
  <suite name="Default suite" duration-ms="178" started-at="2018-03-16T10:24:16Z" finished-at="2018-03-16T10:24:16Z">
    <groups>
    </groups>
    <test name="Default test" duration-ms="178" started-at="2018-03-16T10:24:16Z" finished-at="2018-03-16T10:24:16Z">
      <class name="com.service.EmpServcieTest">
        <test-method status="PASS" signature="setUp()[pri:0, instance:EmpServcieTest [dao=null, servcie=null]]" name="setUp" is-config="true" duration-ms="132" started-at="2018-03-16T10:24:16Z" finished-at="2018-03-16T10:24:16Z">
          <reporter-output>
          </reporter-output>
        </test-method> <!-- setUp -->
        <test-method status="PASS" signature="testgetallemp()[pri:0, instance:EmpServcieTest [dao=null, servcie=null]]" name="testgetallemp" duration-ms="15" started-at="2018-03-16T10:24:16Z" finished-at="2018-03-16T10:24:16Z">
          <reporter-output>
          </reporter-output>
        </test-method> <!-- testgetallemp -->
      </class> <!-- com.service.EmpServcieTest -->
    </test> <!-- Default test -->
  </suite> <!-- Default suite -->
</testng-results>
