<?xml version="1.0" encoding="UTF-8"?>
<!-- Generated by org.testng.reporters.JUnitXMLReporter -->
<testsuite hostname="DSS-415" ignored="0" name="Default test(failed)" tests="1" failures="1" timestamp="05 Mar 2018 08:45:55 GMT" time="0.142" errors="0">
  <testcase name="testmock on null(org.demo.service.EmpServiceTest)" time="0.119" classname="org.demo.service.EmpServiceTest">
    <failure type="java.lang.NullPointerException">
      <![CDATA[java.lang.NullPointerException
at org.demo.service.EmpService.allemp(EmpService.java:34)
at org.demo.service.EmpServiceTest.testmock(EmpServiceTest.java:39)
... Removed 25 stack frames]]>
    </failure>
  </testcase> <!-- testmock on null(org.demo.service.EmpServiceTest) -->
</testsuite> <!-- Default test(failed) -->
